# JRE version: OpenJDK Runtime Environment (8.0_151-b12) (build 1.8.0_151-8u151-b12-0ubuntu0.16.04.2-b12)
# Java VM: OpenJDK 64-Bit Server VM (25.151-b12 mixed mode linux-amd64 compressed oops)
Heap:
 PSYoungGen      total 132096K, used 76471K [0x00000000d7400000, 0x00000000e8400000, 0x0000000100000000)
  eden space 126976K, 60% used [0x00000000d7400000,0x00000000dbeadea8,0x00000000df000000)
  from space 5120K, 0% used [0x00000000df000000,0x00000000df000000,0x00000000df500000)
  to   space 12288K, 0% used [0x00000000e7800000,0x00000000e7800000,0x00000000e8400000)
 ParOldGen       total 65536K, used 12966K [0x0000000085c00000, 0x0000000089c00000, 0x00000000d7400000)
  object space 65536K, 19% used [0x0000000085c00000,0x00000000868a98c0,0x0000000089c00000)
 Metaspace       used 32868K, capacity 33722K, committed 33840K, reserved 1079296K
  class space    used 4041K, capacity 4342K, committed 4400K, reserved 1048576K
GC Heap History (10 events):
Event: 0.997 GC heap before
{Heap before GC invocations=2 (full 0):
 PSYoungGen      total 36864K, used 36069K [0x00000000d7400000, 0x00000000dbc00000, 0x0000000100000000)
  eden space 31744K, 100% used [0x00000000d7400000,0x00000000d9300000,0x00000000d9300000)
  from space 5120K, 84% used [0x00000000d9300000,0x00000000d97397e8,0x00000000d9800000)
  to   space 5120K, 0% used [0x00000000db700000,0x00000000db700000,0x00000000dbc00000)
 ParOldGen       total 84992K, used 8K [0x0000000085c00000, 0x000000008af00000, 0x00000000d7400000)
  object space 84992K, 0% used [0x0000000085c00000,0x0000000085c02000,0x000000008af00000)
 Metaspace       used 10238K, capacity 10398K, committed 10624K, reserved 1058816K
  class space    used 1239K, capacity 1315K, committed 1408K, reserved 1048576K
Event: 1.003 GC heap after
Heap after GC invocations=2 (full 0):
 PSYoungGen      total 68608K, used 5090K [0x00000000d7400000, 0x00000000dbc00000, 0x0000000100000000)
  eden space 63488K, 0% used [0x00000000d7400000,0x00000000d7400000,0x00000000db200000)
  from space 5120K, 99% used [0x00000000db700000,0x00000000dbbf8890,0x00000000dbc00000)
  to   space 5120K, 0% used [0x00000000db200000,0x00000000db200000,0x00000000db700000)
 ParOldGen       total 84992K, used 200K [0x0000000085c00000, 0x000000008af00000, 0x00000000d7400000)
  object space 84992K, 0% used [0x0000000085c00000,0x0000000085c32058,0x000000008af00000)
 Metaspace       used 10238K, capacity 10398K, committed 10624K, reserved 1058816K
  class space    used 1239K, capacity 1315K, committed 1408K, reserved 1048576K
}
Event: 1.704 GC heap before
{Heap before GC invocations=3 (full 0):
 PSYoungGen      total 68608K, used 68578K [0x00000000d7400000, 0x00000000dbc00000, 0x0000000100000000)
  eden space 63488K, 100% used [0x00000000d7400000,0x00000000db200000,0x00000000db200000)
  from space 5120K, 99% used [0x00000000db700000,0x00000000dbbf8890,0x00000000dbc00000)
  to   space 5120K, 0% used [0x00000000db200000,0x00000000db200000,0x00000000db700000)
 ParOldGen       total 84992K, used 200K [0x0000000085c00000, 0x000000008af00000, 0x00000000d7400000)
  object space 84992K, 0% used [0x0000000085c00000,0x0000000085c32058,0x000000008af00000)
 Metaspace       used 14778K, capacity 14996K, committed 15232K, reserved 1062912K
  class space    used 1753K, capacity 1846K, committed 1920K, reserved 1048576K
Event: 1.727 GC heap after
Heap after GC invocations=3 (full 0):
 PSYoungGen      total 68608K, used 5120K [0x00000000d7400000, 0x00000000dfa00000, 0x0000000100000000)
  eden space 63488K, 0% used [0x00000000d7400000,0x00000000d7400000,0x00000000db200000)
  from space 5120K, 100% used [0x00000000db200000,0x00000000db700000,0x00000000db700000)
  to   space 5120K, 0% used [0x00000000df500000,0x00000000df500000,0x00000000dfa00000)
 ParOldGen       total 84992K, used 4604K [0x0000000085c00000, 0x000000008af00000, 0x00000000d7400000)
  object space 84992K, 5% used [0x0000000085c00000,0x000000008607f350,0x000000008af00000)
 Metaspace       used 14778K, capacity 14996K, committed 15232K, reserved 1062912K
  class space    used 1753K, capacity 1846K, committed 1920K, reserved 1048576K
}
Event: 2.147 GC heap before
{Heap before GC invocations=4 (full 0):
 PSYoungGen      total 68608K, used 68608K [0x00000000d7400000, 0x00000000dfa00000, 0x0000000100000000)
  eden space 63488K, 100% used [0x00000000d7400000,0x00000000db200000,0x00000000db200000)
  from space 5120K, 100% used [0x00000000db200000,0x00000000db700000,0x00000000db700000)
  to   space 5120K, 0% used [0x00000000df500000,0x00000000df500000,0x00000000dfa00000)
 ParOldGen       total 84992K, used 4604K [0x0000000085c00000, 0x000000008af00000, 0x00000000d7400000)
  object space 84992K, 5% used [0x0000000085c00000,0x000000008607f350,0x000000008af00000)
 Metaspace       used 16225K, capacity 16616K, committed 16896K, reserved 1064960K
  class space    used 1878K, capacity 2024K, committed 2048K, reserved 1048576K
Event: 2.163 GC heap after
Heap after GC invocations=4 (full 0):
 PSYoungGen      total 132096K, used 5104K [0x00000000d7400000, 0x00000000dfa00000, 0x0000000100000000)
  eden space 126976K, 0% used [0x00000000d7400000,0x00000000d7400000,0x00000000df000000)
  from space 5120K, 99% used [0x00000000df500000,0x00000000df9fc010,0x00000000dfa00000)
  to   space 5120K, 0% used [0x00000000df000000,0x00000000df000000,0x00000000df500000)
 ParOldGen       total 84992K, used 8822K [0x0000000085c00000, 0x000000008af00000, 0x00000000d7400000)
  object space 84992K, 10% used [0x0000000085c00000,0x000000008649d918,0x000000008af00000)
 Metaspace       used 16225K, capacity 16616K, committed 16896K, reserved 1064960K
  class space    used 1878K, capacity 2024K, committed 2048K, reserved 1048576K
}
Event: 2.811 GC heap before
{Heap before GC invocations=5 (full 0):
 PSYoungGen      total 132096K, used 67547K [0x00000000d7400000, 0x00000000dfa00000, 0x0000000100000000)
  eden space 126976K, 49% used [0x00000000d7400000,0x00000000db0faf60,0x00000000df000000)
  from space 5120K, 99% used [0x00000000df500000,0x00000000df9fc010,0x00000000dfa00000)
  to   space 5120K, 0% used [0x00000000df000000,0x00000000df000000,0x00000000df500000)
 ParOldGen       total 84992K, used 8822K [0x0000000085c00000, 0x000000008af00000, 0x00000000d7400000)
  object space 84992K, 10% used [0x0000000085c00000,0x000000008649d918,0x000000008af00000)
 Metaspace       used 20748K, capacity 21188K, committed 21296K, reserved 1069056K
  class space    used 2408K, capacity 2581K, committed 2608K, reserved 1048576K
Event: 2.836 GC heap after
Heap after GC invocations=5 (full 0):
 PSYoungGen      total 132096K, used 5104K [0x00000000d7400000, 0x00000000e8400000, 0x0000000100000000)
  eden space 126976K, 0% used [0x00000000d7400000,0x00000000d7400000,0x00000000df000000)
  from space 5120K, 99% used [0x00000000df000000,0x00000000df4fc010,0x00000000df500000)
  to   space 12288K, 0% used [0x00000000e7800000,0x00000000e7800000,0x00000000e8400000)
 ParOldGen       total 84992K, used 12976K [0x0000000085c00000, 0x000000008af00000, 0x00000000d7400000)
  object space 84992K, 15% used [0x0000000085c00000,0x00000000868ac008,0x000000008af00000)
 Metaspace       used 20748K, capacity 21188K, committed 21296K, reserved 1069056K
  class space    used 2408K, capacity 2581K, committed 2608K, reserved 1048576K
}
Event: 2.836 GC heap before
{Heap before GC invocations=6 (full 1):
 PSYoungGen      total 132096K, used 5104K [0x00000000d7400000, 0x00000000e8400000, 0x0000000100000000)
  eden space 126976K, 0% used [0x00000000d7400000,0x00000000d7400000,0x00000000df000000)
  from space 5120K, 99% used [0x00000000df000000,0x00000000df4fc010,0x00000000df500000)
  to   space 12288K, 0% used [0x00000000e7800000,0x00000000e7800000,0x00000000e8400000)
 ParOldGen       total 84992K, used 12976K [0x0000000085c00000, 0x000000008af00000, 0x00000000d7400000)
  object space 84992K, 15% used [0x0000000085c00000,0x00000000868ac008,0x000000008af00000)
 Metaspace       used 20748K, capacity 21188K, committed 21296K, reserved 1069056K
  class space    used 2408K, capacity 2581K, committed 2608K, reserved 1048576K
Event: 2.891 GC heap after
Heap after GC invocations=6 (full 1):
 PSYoungGen      total 132096K, used 0K [0x00000000d7400000, 0x00000000e8400000, 0x0000000100000000)
  eden space 126976K, 0% used [0x00000000d7400000,0x00000000d7400000,0x00000000df000000)
  from space 5120K, 0% used [0x00000000df000000,0x00000000df000000,0x00000000df500000)
  to   space 12288K, 0% used [0x00000000e7800000,0x00000000e7800000,0x00000000e8400000)
 ParOldGen       total 65536K, used 12966K [0x0000000085c00000, 0x0000000089c00000, 0x00000000d7400000)
  object space 65536K, 19% used [0x0000000085c00000,0x00000000868a98c0,0x0000000089c00000)
 Metaspace       used 20748K, capacity 21188K, committed 21296K, reserved 1069056K
  class space    used 2408K, capacity 2581K, committed 2608K, reserved 1048576K
}

