# JRE version: OpenJDK Runtime Environment (8.0_151-b12) (build 1.8.0_151-8u151-b12-0ubuntu0.16.04.2-b12)
# Java VM: OpenJDK 64-Bit Server VM (25.151-b12 mixed mode linux-amd64 compressed oops)
Heap:
 PSYoungGen      total 132096K, used 75835K [0x00000000d7400000, 0x00000000e8400000, 0x0000000100000000)
  eden space 126976K, 59% used [0x00000000d7400000,0x00000000dbe0ec58,0x00000000df000000)
  from space 5120K, 0% used [0x00000000df000000,0x00000000df000000,0x00000000df500000)
  to   space 12288K, 0% used [0x00000000e7800000,0x00000000e7800000,0x00000000e8400000)
 ParOldGen       total 67584K, used 12966K [0x0000000085c00000, 0x0000000089e00000, 0x00000000d7400000)
  object space 67584K, 19% used [0x0000000085c00000,0x00000000868a9b28,0x0000000089e00000)
 Metaspace       used 32833K, capacity 33706K, committed 33840K, reserved 1079296K
  class space    used 4035K, capacity 4336K, committed 4400K, reserved 1048576K
GC Heap History (10 events):
Event: 0.843 GC heap before
{Heap before GC invocations=2 (full 0):
 PSYoungGen      total 36864K, used 36069K [0x00000000d7400000, 0x00000000dbc00000, 0x0000000100000000)
  eden space 31744K, 100% used [0x00000000d7400000,0x00000000d9300000,0x00000000d9300000)
  from space 5120K, 84% used [0x00000000d9300000,0x00000000d97397e8,0x00000000d9800000)
  to   space 5120K, 0% used [0x00000000db700000,0x00000000db700000,0x00000000dbc00000)
 ParOldGen       total 84992K, used 8K [0x0000000085c00000, 0x000000008af00000, 0x00000000d7400000)
  object space 84992K, 0% used [0x0000000085c00000,0x0000000085c02000,0x000000008af00000)
 Metaspace       used 10227K, capacity 10398K, committed 10624K, reserved 1058816K
  class space    used 1239K, capacity 1315K, committed 1408K, reserved 1048576K
Event: 0.848 GC heap after
Heap after GC invocations=2 (full 0):
 PSYoungGen      total 68608K, used 5105K [0x00000000d7400000, 0x00000000dbc00000, 0x0000000100000000)
  eden space 63488K, 0% used [0x00000000d7400000,0x00000000d7400000,0x00000000db200000)
  from space 5120K, 99% used [0x00000000db700000,0x00000000dbbfc7f8,0x00000000dbc00000)
  to   space 5120K, 0% used [0x00000000db200000,0x00000000db200000,0x00000000db700000)
 ParOldGen       total 84992K, used 223K [0x0000000085c00000, 0x000000008af00000, 0x00000000d7400000)
  object space 84992K, 0% used [0x0000000085c00000,0x0000000085c37f18,0x000000008af00000)
 Metaspace       used 10227K, capacity 10398K, committed 10624K, reserved 1058816K
  class space    used 1239K, capacity 1315K, committed 1408K, reserved 1048576K
}
Event: 1.561 GC heap before
{Heap before GC invocations=3 (full 0):
 PSYoungGen      total 68608K, used 68593K [0x00000000d7400000, 0x00000000dbc00000, 0x0000000100000000)
  eden space 63488K, 100% used [0x00000000d7400000,0x00000000db200000,0x00000000db200000)
  from space 5120K, 99% used [0x00000000db700000,0x00000000dbbfc7f8,0x00000000dbc00000)
  to   space 5120K, 0% used [0x00000000db200000,0x00000000db200000,0x00000000db700000)
 ParOldGen       total 84992K, used 223K [0x0000000085c00000, 0x000000008af00000, 0x00000000d7400000)
  object space 84992K, 0% used [0x0000000085c00000,0x0000000085c37f18,0x000000008af00000)
 Metaspace       used 14758K, capacity 14996K, committed 15232K, reserved 1062912K
  class space    used 1752K, capacity 1846K, committed 1920K, reserved 1048576K
Event: 1.569 GC heap after
Heap after GC invocations=3 (full 0):
 PSYoungGen      total 68608K, used 5104K [0x00000000d7400000, 0x00000000dfa00000, 0x0000000100000000)
  eden space 63488K, 0% used [0x00000000d7400000,0x00000000d7400000,0x00000000db200000)
  from space 5120K, 99% used [0x00000000db200000,0x00000000db6fc030,0x00000000db700000)
  to   space 5120K, 0% used [0x00000000df500000,0x00000000df500000,0x00000000dfa00000)
 ParOldGen       total 84992K, used 4640K [0x0000000085c00000, 0x000000008af00000, 0x00000000d7400000)
  object space 84992K, 5% used [0x0000000085c00000,0x00000000860883d8,0x000000008af00000)
 Metaspace       used 14758K, capacity 14996K, committed 15232K, reserved 1062912K
  class space    used 1752K, capacity 1846K, committed 1920K, reserved 1048576K
}
Event: 1.979 GC heap before
{Heap before GC invocations=4 (full 0):
 PSYoungGen      total 68608K, used 68592K [0x00000000d7400000, 0x00000000dfa00000, 0x0000000100000000)
  eden space 63488K, 100% used [0x00000000d7400000,0x00000000db200000,0x00000000db200000)
  from space 5120K, 99% used [0x00000000db200000,0x00000000db6fc030,0x00000000db700000)
  to   space 5120K, 0% used [0x00000000df500000,0x00000000df500000,0x00000000dfa00000)
 ParOldGen       total 84992K, used 4640K [0x0000000085c00000, 0x000000008af00000, 0x00000000d7400000)
  object space 84992K, 5% used [0x0000000085c00000,0x00000000860883d8,0x000000008af00000)
 Metaspace       used 16212K, capacity 16616K, committed 16896K, reserved 1064960K
  class space    used 1877K, capacity 2024K, committed 2048K, reserved 1048576K
Event: 1.991 GC heap after
Heap after GC invocations=4 (full 0):
 PSYoungGen      total 132096K, used 5120K [0x00000000d7400000, 0x00000000dfa00000, 0x0000000100000000)
  eden space 126976K, 0% used [0x00000000d7400000,0x00000000d7400000,0x00000000df000000)
  from space 5120K, 100% used [0x00000000df500000,0x00000000dfa00000,0x00000000dfa00000)
  to   space 5120K, 0% used [0x00000000df000000,0x00000000df000000,0x00000000df500000)
 ParOldGen       total 84992K, used 8670K [0x0000000085c00000, 0x000000008af00000, 0x00000000d7400000)
  object space 84992K, 10% used [0x0000000085c00000,0x0000000086477888,0x000000008af00000)
 Metaspace       used 16212K, capacity 16616K, committed 16896K, reserved 1064960K
  class space    used 1877K, capacity 2024K, committed 2048K, reserved 1048576K
}
Event: 2.485 GC heap before
{Heap before GC invocations=5 (full 0):
 PSYoungGen      total 132096K, used 67030K [0x00000000d7400000, 0x00000000dfa00000, 0x0000000100000000)
  eden space 126976K, 48% used [0x00000000d7400000,0x00000000db0759f0,0x00000000df000000)
  from space 5120K, 100% used [0x00000000df500000,0x00000000dfa00000,0x00000000dfa00000)
  to   space 5120K, 0% used [0x00000000df000000,0x00000000df000000,0x00000000df500000)
 ParOldGen       total 84992K, used 8670K [0x0000000085c00000, 0x000000008af00000, 0x00000000d7400000)
  object space 84992K, 10% used [0x0000000085c00000,0x0000000086477888,0x000000008af00000)
 Metaspace       used 20730K, capacity 21188K, committed 21296K, reserved 1069056K
  class space    used 2408K, capacity 2581K, committed 2608K, reserved 1048576K
Event: 2.499 GC heap after
Heap after GC invocations=5 (full 0):
 PSYoungGen      total 132096K, used 5104K [0x00000000d7400000, 0x00000000e8400000, 0x0000000100000000)
  eden space 126976K, 0% used [0x00000000d7400000,0x00000000d7400000,0x00000000df000000)
  from space 5120K, 99% used [0x00000000df000000,0x00000000df4fc010,0x00000000df500000)
  to   space 12288K, 0% used [0x00000000e7800000,0x00000000e7800000,0x00000000e8400000)
 ParOldGen       total 84992K, used 12845K [0x0000000085c00000, 0x000000008af00000, 0x00000000d7400000)
  object space 84992K, 15% used [0x0000000085c00000,0x000000008688b528,0x000000008af00000)
 Metaspace       used 20730K, capacity 21188K, committed 21296K, reserved 1069056K
  class space    used 2408K, capacity 2581K, committed 2608K, reserved 1048576K
}
Event: 2.499 GC heap before
{Heap before GC invocations=6 (full 1):
 PSYoungGen      total 132096K, used 5104K [0x00000000d7400000, 0x00000000e8400000, 0x0000000100000000)
  eden space 126976K, 0% used [0x00000000d7400000,0x00000000d7400000,0x00000000df000000)
  from space 5120K, 99% used [0x00000000df000000,0x00000000df4fc010,0x00000000df500000)
  to   space 12288K, 0% used [0x00000000e7800000,0x00000000e7800000,0x00000000e8400000)
 ParOldGen       total 84992K, used 12845K [0x0000000085c00000, 0x000000008af00000, 0x00000000d7400000)
  object space 84992K, 15% used [0x0000000085c00000,0x000000008688b528,0x000000008af00000)
 Metaspace       used 20730K, capacity 21188K, committed 21296K, reserved 1069056K
  class space    used 2408K, capacity 2581K, committed 2608K, reserved 1048576K
Event: 2.545 GC heap after
Heap after GC invocations=6 (full 1):
 PSYoungGen      total 132096K, used 0K [0x00000000d7400000, 0x00000000e8400000, 0x0000000100000000)
  eden space 126976K, 0% used [0x00000000d7400000,0x00000000d7400000,0x00000000df000000)
  from space 5120K, 0% used [0x00000000df000000,0x00000000df000000,0x00000000df500000)
  to   space 12288K, 0% used [0x00000000e7800000,0x00000000e7800000,0x00000000e8400000)
 ParOldGen       total 67584K, used 12966K [0x0000000085c00000, 0x0000000089e00000, 0x00000000d7400000)
  object space 67584K, 19% used [0x0000000085c00000,0x00000000868a9b28,0x0000000089e00000)
 Metaspace       used 20730K, capacity 21188K, committed 21296K, reserved 1069056K
  class space    used 2408K, capacity 2581K, committed 2608K, reserved 1048576K
}

