# JRE version: OpenJDK Runtime Environment (8.0_151-b12) (build 1.8.0_151-8u151-b12-0ubuntu0.16.04.2-b12)
# Java VM: OpenJDK 64-Bit Server VM (25.151-b12 mixed mode linux-amd64 compressed oops)
Heap:
 PSYoungGen      total 136704K, used 76115K [0x00000000d7400000, 0x00000000e0500000, 0x0000000100000000)
  eden space 126464K, 60% used [0x00000000d7400000,0x00000000dbe54d20,0x00000000def80000)
  from space 10240K, 0% used [0x00000000dfa00000,0x00000000dfa00000,0x00000000e0400000)
  to   space 10752K, 0% used [0x00000000def80000,0x00000000def80000,0x00000000dfa00000)
 ParOldGen       total 64512K, used 12851K [0x0000000085c00000, 0x0000000089b00000, 0x00000000d7400000)
  object space 64512K, 19% used [0x0000000085c00000,0x000000008688cfa8,0x0000000089b00000)
 Metaspace       used 32926K, capacity 33786K, committed 34048K, reserved 1079296K
  class space    used 4040K, capacity 4342K, committed 4352K, reserved 1048576K
GC Heap History (10 events):
Event: 2.481 GC heap before
{Heap before GC invocations=3 (full 0):
 PSYoungGen      total 36864K, used 36833K [0x00000000d7400000, 0x00000000dbc00000, 0x0000000100000000)
  eden space 31744K, 100% used [0x00000000d7400000,0x00000000d9300000,0x00000000d9300000)
  from space 5120K, 99% used [0x00000000d9800000,0x00000000d9cf87e8,0x00000000d9d00000)
  to   space 5120K, 0% used [0x00000000d9300000,0x00000000d9300000,0x00000000d9800000)
 ParOldGen       total 84992K, used 228K [0x0000000085c00000, 0x000000008af00000, 0x00000000d7400000)
  object space 84992K, 0% used [0x0000000085c00000,0x0000000085c393f8,0x000000008af00000)
 Metaspace       used 14023K, capacity 14218K, committed 14464K, reserved 1062912K
  class space    used 1692K, capacity 1807K, committed 1920K, reserved 1048576K
Event: 2.488 GC heap after
Heap after GC invocations=3 (full 0):
 PSYoungGen      total 36864K, used 5109K [0x00000000d7400000, 0x00000000dbc00000, 0x0000000100000000)
  eden space 31744K, 0% used [0x00000000d7400000,0x00000000d7400000,0x00000000d9300000)
  from space 5120K, 99% used [0x00000000d9300000,0x00000000d97fd638,0x00000000d9800000)
  to   space 5120K, 0% used [0x00000000db700000,0x00000000db700000,0x00000000dbc00000)
 ParOldGen       total 84992K, used 1924K [0x0000000085c00000, 0x000000008af00000, 0x00000000d7400000)
  object space 84992K, 2% used [0x0000000085c00000,0x0000000085de13b8,0x000000008af00000)
 Metaspace       used 14023K, capacity 14218K, committed 14464K, reserved 1062912K
  class space    used 1692K, capacity 1807K, committed 1920K, reserved 1048576K
}
Event: 2.787 GC heap before
{Heap before GC invocations=4 (full 0):
 PSYoungGen      total 36864K, used 36853K [0x00000000d7400000, 0x00000000dbc00000, 0x0000000100000000)
  eden space 31744K, 100% used [0x00000000d7400000,0x00000000d9300000,0x00000000d9300000)
  from space 5120K, 99% used [0x00000000d9300000,0x00000000d97fd638,0x00000000d9800000)
  to   space 5120K, 0% used [0x00000000db700000,0x00000000db700000,0x00000000dbc00000)
 ParOldGen       total 84992K, used 1924K [0x0000000085c00000, 0x000000008af00000, 0x00000000d7400000)
  object space 84992K, 2% used [0x0000000085c00000,0x0000000085de13b8,0x000000008af00000)
 Metaspace       used 14765K, capacity 14996K, committed 15232K, reserved 1062912K
  class space    used 1752K, capacity 1846K, committed 1920K, reserved 1048576K
Event: 2.799 GC heap after
Heap after GC invocations=4 (full 0):
 PSYoungGen      total 68608K, used 5104K [0x00000000d7400000, 0x00000000dbc00000, 0x0000000100000000)
  eden space 63488K, 0% used [0x00000000d7400000,0x00000000d7400000,0x00000000db200000)
  from space 5120K, 99% used [0x00000000db700000,0x00000000dbbfc010,0x00000000dbc00000)
  to   space 5120K, 0% used [0x00000000db200000,0x00000000db200000,0x00000000db700000)
 ParOldGen       total 84992K, used 3652K [0x0000000085c00000, 0x000000008af00000, 0x00000000d7400000)
  object space 84992K, 4% used [0x0000000085c00000,0x0000000085f91250,0x000000008af00000)
 Metaspace       used 14765K, capacity 14996K, committed 15232K, reserved 1062912K
  class space    used 1752K, capacity 1846K, committed 1920K, reserved 1048576K
}
Event: 3.688 GC heap before
{Heap before GC invocations=5 (full 0):
 PSYoungGen      total 68608K, used 68592K [0x00000000d7400000, 0x00000000dbc00000, 0x0000000100000000)
  eden space 63488K, 100% used [0x00000000d7400000,0x00000000db200000,0x00000000db200000)
  from space 5120K, 99% used [0x00000000db700000,0x00000000dbbfc010,0x00000000dbc00000)
  to   space 5120K, 0% used [0x00000000db200000,0x00000000db200000,0x00000000db700000)
 ParOldGen       total 84992K, used 3652K [0x0000000085c00000, 0x000000008af00000, 0x00000000d7400000)
  object space 84992K, 4% used [0x0000000085c00000,0x0000000085f91250,0x000000008af00000)
 Metaspace       used 16296K, capacity 16744K, committed 16896K, reserved 1064960K
  class space    used 1877K, capacity 2024K, committed 2048K, reserved 1048576K
Event: 3.704 GC heap after
Heap after GC invocations=5 (full 0):
 PSYoungGen      total 68608K, used 5104K [0x00000000d7400000, 0x00000000e0400000, 0x0000000100000000)
  eden space 63488K, 0% used [0x00000000d7400000,0x00000000d7400000,0x00000000db200000)
  from space 5120K, 99% used [0x00000000db200000,0x00000000db6fc010,0x00000000db700000)
  to   space 10240K, 0% used [0x00000000dfa00000,0x00000000dfa00000,0x00000000e0400000)
 ParOldGen       total 84992K, used 7945K [0x0000000085c00000, 0x000000008af00000, 0x00000000d7400000)
  object space 84992K, 9% used [0x0000000085c00000,0x00000000863c26d8,0x000000008af00000)
 Metaspace       used 16296K, capacity 16744K, committed 16896K, reserved 1064960K
  class space    used 1877K, capacity 2024K, committed 2048K, reserved 1048576K
}
Event: 4.430 GC heap before
{Heap before GC invocations=6 (full 0):
 PSYoungGen      total 68608K, used 61654K [0x00000000d7400000, 0x00000000e0400000, 0x0000000100000000)
  eden space 63488K, 89% used [0x00000000d7400000,0x00000000dab398d8,0x00000000db200000)
  from space 5120K, 99% used [0x00000000db200000,0x00000000db6fc010,0x00000000db700000)
  to   space 10240K, 0% used [0x00000000dfa00000,0x00000000dfa00000,0x00000000e0400000)
 ParOldGen       total 84992K, used 7945K [0x0000000085c00000, 0x000000008af00000, 0x00000000d7400000)
  object space 84992K, 9% used [0x0000000085c00000,0x00000000863c26d8,0x000000008af00000)
 Metaspace       used 20696K, capacity 21156K, committed 21248K, reserved 1069056K
  class space    used 2394K, capacity 2549K, committed 2560K, reserved 1048576K
Event: 4.449 GC heap after
Heap after GC invocations=6 (full 0):
 PSYoungGen      total 136704K, used 8759K [0x00000000d7400000, 0x00000000e0500000, 0x0000000100000000)
  eden space 126464K, 0% used [0x00000000d7400000,0x00000000d7400000,0x00000000def80000)
  from space 10240K, 85% used [0x00000000dfa00000,0x00000000e028dd98,0x00000000e0400000)
  to   space 10752K, 0% used [0x00000000def80000,0x00000000def80000,0x00000000dfa00000)
 ParOldGen       total 84992K, used 8017K [0x0000000085c00000, 0x000000008af00000, 0x00000000d7400000)
  object space 84992K, 9% used [0x0000000085c00000,0x00000000863d46e8,0x000000008af00000)
 Metaspace       used 20696K, capacity 21156K, committed 21248K, reserved 1069056K
  class space    used 2394K, capacity 2549K, committed 2560K, reserved 1048576K
}
Event: 4.449 GC heap before
{Heap before GC invocations=7 (full 1):
 PSYoungGen      total 136704K, used 8759K [0x00000000d7400000, 0x00000000e0500000, 0x0000000100000000)
  eden space 126464K, 0% used [0x00000000d7400000,0x00000000d7400000,0x00000000def80000)
  from space 10240K, 85% used [0x00000000dfa00000,0x00000000e028dd98,0x00000000e0400000)
  to   space 10752K, 0% used [0x00000000def80000,0x00000000def80000,0x00000000dfa00000)
 ParOldGen       total 84992K, used 8017K [0x0000000085c00000, 0x000000008af00000, 0x00000000d7400000)
  object space 84992K, 9% used [0x0000000085c00000,0x00000000863d46e8,0x000000008af00000)
 Metaspace       used 20696K, capacity 21156K, committed 21248K, reserved 1069056K
  class space    used 2394K, capacity 2549K, committed 2560K, reserved 1048576K
Event: 4.519 GC heap after
Heap after GC invocations=7 (full 1):
 PSYoungGen      total 136704K, used 0K [0x00000000d7400000, 0x00000000e0500000, 0x0000000100000000)
  eden space 126464K, 0% used [0x00000000d7400000,0x00000000d7400000,0x00000000def80000)
  from space 10240K, 0% used [0x00000000dfa00000,0x00000000dfa00000,0x00000000e0400000)
  to   space 10752K, 0% used [0x00000000def80000,0x00000000def80000,0x00000000dfa00000)
 ParOldGen       total 64512K, used 12851K [0x0000000085c00000, 0x0000000089b00000, 0x00000000d7400000)
  object space 64512K, 19% used [0x0000000085c00000,0x000000008688cfa8,0x0000000089b00000)
 Metaspace       used 20696K, capacity 21156K, committed 21248K, reserved 1069056K
  class space    used 2394K, capacity 2549K, committed 2560K, reserved 1048576K
}

